<?xml version="1.0" encoding="UTF-8"?>
<!-- Generated by org.testng.reporters.JUnitReportReporter -->
<testsuite hostname="LAPTOP-KCS3PNGF" name="org.api.weather.test.apis.WeatherApiTest" tests="1" failures="0" timestamp="16 Mar 2019 19:39:28 GMT" time="1.470" errors="0">
  <testcase name="verifyLocationName" time="1.470" classname="org.api.weather.test.apis.WeatherApiTest"/>
</testsuite> <!-- org.api.weather.test.apis.WeatherApiTest -->
